2017/02/23 10:51:21 にビルドを開始しました。
     1>ノード 3 上のプロジェクト "C:\Users\student\Desktop\PacMan\PacManMapEditor\PacManMapEditor.vcxproj" (Build ターゲット)。
     1>ClCompile:
         C:\Program Files (x86)\Microsoft Visual Studio 12.0\VC\bin\CL.exe /c /IC:\DxLib_VC /IC:\Users\student\Desktop\PacMan\Framework /I"C:\Users\student\Desktop\PacMan\Pac-ManLib" /Zi /nologo /W3 /WX- /sdl /O2 /Oi /Oy- /GL /D WIN32 /D NDEBUG /D _WINDOWS /D _MBCS /Gm- /EHsc /MT /GS /Gy /fp:precise /Zc:wchar_t /Zc:forScope /Fo"Release\\" /Fd"Release\vc120.pdb" /Gd /TP /analyze- /errorReport:prompt Button.cpp main.cpp MapEditor.cpp SelectObjectManager.cpp TremsManager.cpp Viewer.cpp
         Button.cpp
         main.cpp
         MapEditor.cpp
         SelectObjectManager.cpp
         TremsManager.cpp
         Viewer.cpp
       Link:
         C:\Program Files (x86)\Microsoft Visual Studio 12.0\VC\bin\link.exe /ERRORREPORT:PROMPT /OUT:"C:\Users\student\Desktop\PacMan\Release\PacManMapEditor.exe" /INCREMENTAL:NO /NOLOGO /LIBPATH:"C:\DxLib_VC\プロジェクトに追加すべきファイル_VC用" kernel32.lib user32.lib gdi32.lib winspool.lib comdlg32.lib advapi32.lib shell32.lib ole32.lib oleaut32.lib uuid.lib odbc32.lib odbccp32.lib /MANIFEST /MANIFESTUAC:"level='asInvoker' uiAccess='false'" /manifest:embed /DEBUG /PDB:"C:\Users\student\Desktop\PacMan\Release\PacManMapEditor.pdb" /SUBSYSTEM:WINDOWS /OPT:REF /OPT:ICF /LTCG /TLBID:1 /DYNAMICBASE /NXCOMPAT /IMPLIB:"C:\Users\student\Desktop\PacMan\Release\PacManMapEditor.lib" /MACHINE:X86 /SAFESEH Release\Button.obj
         Release\main.obj
         Release\MapEditor.obj
         Release\SelectObjectManager.obj
         Release\TremsManager.obj
         Release\Viewer.obj
         C:\Users\student\Desktop\PacMan\Release\Framework.lib
         "C:\Users\student\Desktop\PacMan\Release\Pac-ManLib.lib"
         コード生成しています。
         コード生成が終了しました。
         PacManMapEditor.vcxproj -> C:\Users\student\Desktop\PacMan\Release\PacManMapEditor.exe
     1>プロジェクト "C:\Users\student\Desktop\PacMan\PacManMapEditor\PacManMapEditor.vcxproj" (Build ターゲット) のビルドが完了しました。

ビルドに成功しました。

経過時間 00:00:05.91
